[1018/091433.606:ERROR:file_io_win.cc(180)] CreateFile C:\Users\DELL\AppData\Local\Temp\scoped_dir27616_881319662\Crashpad\settings.dat: The process cannot access the file because it is being used by another process. (0x20)
[1018/120017.863:ERROR:process_reader_win.cc(123)] NtOpenThread: {Access Denied} A process has requested access to an object, but has not been granted those access rights. (0xc0000022)
[1018/120017.865:ERROR:exception_snapshot_win.cc(99)] thread ID 4580 not found in process
[1018/120017.864:ERROR:process_reader_win.cc(123)] NtOpenThread: {Access Denied} A process has requested access to an object, but has not been granted those access rights. (0xc0000022)
[1018/120017.866:ERROR:exception_snapshot_win.cc(99)] thread ID 19192 not found in process
[1018/120017.866:ERROR:process_reader_win.cc(123)] NtOpenThread: {Access Denied} A process has requested access to an object, but has not been granted those access rights. (0xc0000022)
[1018/120017.867:ERROR:exception_snapshot_win.cc(99)] thread ID 17540 not found in process
[1018/120017.871:ERROR:process_reader_win.cc(123)] NtOpenThread: {Access Denied} A process has requested access to an object, but has not been granted those access rights. (0xc0000022)
[1018/120017.871:ERROR:exception_snapshot_win.cc(99)] thread ID 19172 not found in process
[1018/120017.878:ERROR:process_reader_win.cc(123)] NtOpenThread: {Access Denied} A process has requested access to an object, but has not been granted those access rights. (0xc0000022)
[1018/120017.879:ERROR:exception_snapshot_win.cc(99)] thread ID 18604 not found in process
[1018/120704.171:ERROR:file_io_win.cc(180)] CreateFile C:\Users\DELL\AppData\Local\Temp\scoped_dir13796_1992354960\Crashpad\settings.dat: The process cannot access the file because it is being used by another process. (0x20)
[1018/130902.149:ERROR:process_reader_win.cc(151)] SuspendThread: Access is denied. (0x5)
[1018/130902.149:ERROR:process_reader_win.cc(151)] SuspendThread: Access is denied. (0x5)
[1018/130902.150:ERROR:process_reader_win.cc(151)] SuspendThread: Access is denied. (0x5)
[1018/130902.150:ERROR:process_reader_win.cc(151)] SuspendThread: Access is denied. (0x5)
[1018/130902.150:ERROR:process_reader_win.cc(151)] SuspendThread: Access is denied. (0x5)
[1018/130902.150:ERROR:process_reader_win.cc(151)] SuspendThread: Access is denied. (0x5)
[1018/130902.150:ERROR:process_reader_win.cc(123)] NtOpenThread: {Access Denied} A process has requested access to an object, but has not been granted those access rights. (0xc0000022)
[1018/130902.150:ERROR:process_reader_win.cc(123)] NtOpenThread: {Access Denied} A process has requested access to an object, but has not been granted those access rights. (0xc0000022)
[1018/130902.150:ERROR:exception_snapshot_win.cc(99)] thread ID 22032 not found in process
[1018/130902.150:ERROR:exception_snapshot_win.cc(99)] thread ID 22036 not found in process
[1018/130902.152:ERROR:process_reader_win.cc(151)] SuspendThread: Access is denied. (0x5)
[1018/130902.152:ERROR:process_reader_win.cc(123)] NtOpenThread: {Access Denied} A process has requested access to an object, but has not been granted those access rights. (0xc0000022)
[1018/130902.152:ERROR:exception_snapshot_win.cc(99)] thread ID 22040 not found in process
[1018/130902.154:ERROR:process_reader_win.cc(123)] NtOpenThread: {Access Denied} A process has requested access to an object, but has not been granted those access rights. (0xc0000022)
[1018/130902.155:ERROR:exception_snapshot_win.cc(99)] thread ID 22044 not found in process
[1018/130902.156:ERROR:process_reader_win.cc(123)] NtOpenThread: {Access Denied} A process has requested access to an object, but has not been granted those access rights. (0xc0000022)
[1018/130902.156:ERROR:exception_snapshot_win.cc(99)] thread ID 22048 not found in process
[1018/130902.163:ERROR:process_reader_win.cc(123)] NtOpenThread: {Access Denied} A process has requested access to an object, but has not been granted those access rights. (0xc0000022)
[1018/130902.163:ERROR:exception_snapshot_win.cc(99)] thread ID 22028 not found in process
[1018/173434.068:ERROR:file_io_win.cc(180)] CreateFile C:\Users\DELL\AppData\Local\Temp\scoped_dir18776_1981417789\Crashpad\settings.dat: The process cannot access the file because it is being used by another process. (0x20)
[1018/180148.115:ERROR:directory_reader_win.cc(43)] FindFirstFile: The system cannot find the path specified. (0x3)
[1018/202506.123:ERROR:process_reader_win.cc(123)] NtOpenThread: {Access Denied} A process has requested access to an object, but has not been granted those access rights. (0xc0000022)
[1018/202506.130:ERROR:process_reader_win.cc(123)] NtOpenThread: {Access Denied} A process has requested access to an object, but has not been granted those access rights. (0xc0000022)
[1018/202506.131:ERROR:exception_snapshot_win.cc(99)] thread ID 20560 not found in process
[1018/202506.131:ERROR:exception_snapshot_win.cc(99)] thread ID 22488 not found in process
[1018/202506.132:ERROR:process_reader_win.cc(123)] NtOpenThread: {Access Denied} A process has requested access to an object, but has not been granted those access rights. (0xc0000022)
[1018/202506.132:ERROR:exception_snapshot_win.cc(99)] thread ID 18448 not found in process
[1018/202506.133:ERROR:process_reader_win.cc(123)] NtOpenThread: {Access Denied} A process has requested access to an object, but has not been granted those access rights. (0xc0000022)
[1018/202506.133:ERROR:exception_snapshot_win.cc(99)] thread ID 23736 not found in process
[1018/202506.136:ERROR:process_reader_win.cc(123)] NtOpenThread: {Access Denied} A process has requested access to an object, but has not been granted those access rights. (0xc0000022)
[1018/202506.136:ERROR:exception_snapshot_win.cc(99)] thread ID 18368 not found in process
[1018/202506.148:ERROR:process_reader_win.cc(123)] NtOpenThread: {Access Denied} A process has requested access to an object, but has not been granted those access rights. (0xc0000022)
[1018/202506.148:ERROR:exception_snapshot_win.cc(99)] thread ID 23340 not found in process
[1018/210426.243:ERROR:process_reader_win.cc(123)] NtOpenThread: {Access Denied} A process has requested access to an object, but has not been granted those access rights. (0xc0000022)
[1018/210426.245:ERROR:exception_snapshot_win.cc(99)] thread ID 28196 not found in process
[1018/210426.249:ERROR:process_reader_win.cc(123)] NtOpenThread: {Access Denied} A process has requested access to an object, but has not been granted those access rights. (0xc0000022)
[1018/210426.249:ERROR:exception_snapshot_win.cc(99)] thread ID 17344 not found in process
[1018/210426.251:ERROR:process_reader_win.cc(123)] NtOpenThread: {Access Denied} A process has requested access to an object, but has not been granted those access rights. (0xc0000022)
[1018/210426.251:ERROR:exception_snapshot_win.cc(99)] thread ID 29028 not found in process
[1018/210426.252:ERROR:process_reader_win.cc(123)] NtOpenThread: {Access Denied} A process has requested access to an object, but has not been granted those access rights. (0xc0000022)
[1018/210426.252:ERROR:exception_snapshot_win.cc(99)] thread ID 25552 not found in process
[1019/081001.064:ERROR:directory_reader_win.cc(43)] FindFirstFile: The system cannot find the path specified. (0x3)
[1019/115550.514:ERROR:process_reader_win.cc(123)] NtOpenThread: {Access Denied} A process has requested access to an object, but has not been granted those access rights. (0xc0000022)
[1019/115550.516:ERROR:exception_snapshot_win.cc(99)] thread ID 22280 not found in process
[1019/115550.517:ERROR:process_reader_win.cc(123)] NtOpenThread: {Access Denied} A process has requested access to an object, but has not been granted those access rights. (0xc0000022)
[1019/115550.517:ERROR:process_reader_win.cc(123)] NtOpenThread: {Access Denied} A process has requested access to an object, but has not been granted those access rights. (0xc0000022)
[1019/115550.517:ERROR:exception_snapshot_win.cc(99)] thread ID 16368 not found in process
[1019/115550.517:ERROR:exception_snapshot_win.cc(99)] thread ID 23596 not found in process
[1019/115550.524:ERROR:process_reader_win.cc(123)] NtOpenThread: {Access Denied} A process has requested access to an object, but has not been granted those access rights. (0xc0000022)
[1019/115550.524:ERROR:process_reader_win.cc(123)] NtOpenThread: {Access Denied} A process has requested access to an object, but has not been granted those access rights. (0xc0000022)
[1019/115550.524:ERROR:exception_snapshot_win.cc(99)] thread ID 14808 not found in process
[1019/115550.525:ERROR:exception_snapshot_win.cc(99)] thread ID 20064 not found in process
[1019/115717.890:ERROR:process_reader_win.cc(123)] NtOpenThread: {Access Denied} A process has requested access to an object, but has not been granted those access rights. (0xc0000022)
[1019/115717.891:ERROR:exception_snapshot_win.cc(99)] thread ID 26584 not found in process
[1019/115717.894:ERROR:process_reader_win.cc(151)] SuspendThread: Access is denied. (0x5)
[1019/115717.894:ERROR:process_reader_win.cc(151)] SuspendThread: Access is denied. (0x5)
[1019/115717.894:ERROR:process_reader_win.cc(123)] NtOpenThread: {Access Denied} A process has requested access to an object, but has not been granted those access rights. (0xc0000022)
[1019/115717.894:ERROR:process_reader_win.cc(151)] SuspendThread: Access is denied. (0x5)
[1019/115717.894:ERROR:process_reader_win.cc(151)] SuspendThread: Access is denied. (0x5)
[1019/115717.894:ERROR:process_reader_win.cc(151)] SuspendThread: Access is denied. (0x5)
[1019/115717.894:ERROR:exception_snapshot_win.cc(99)] thread ID 28520 not found in process
[1019/115717.894:ERROR:process_reader_win.cc(151)] SuspendThread: Access is denied. (0x5)
[1019/115717.894:ERROR:process_reader_win.cc(151)] SuspendThread: Access is denied. (0x5)
[1019/115717.894:ERROR:process_reader_win.cc(151)] SuspendThread: Access is denied. (0x5)
[1019/115717.894:ERROR:process_reader_win.cc(151)] SuspendThread: Access is denied. (0x5)
[1019/115717.895:ERROR:process_reader_win.cc(151)] SuspendThread: Access is denied. (0x5)
[1019/115717.895:ERROR:process_reader_win.cc(151)] SuspendThread: Access is denied. (0x5)
[1019/115717.895:ERROR:process_reader_win.cc(151)] SuspendThread: Access is denied. (0x5)
[1019/115717.895:ERROR:process_reader_win.cc(151)] SuspendThread: Access is denied. (0x5)
[1019/115717.895:ERROR:process_reader_win.cc(151)] SuspendThread: Access is denied. (0x5)
[1019/115717.895:ERROR:process_reader_win.cc(151)] SuspendThread: Access is denied. (0x5)
[1019/115717.895:ERROR:process_reader_win.cc(123)] NtOpenThread: {Access Denied} A process has requested access to an object, but has not been granted those access rights. (0xc0000022)
[1019/115717.895:ERROR:exception_snapshot_win.cc(99)] thread ID 22960 not found in process
[1019/115717.896:ERROR:process_reader_win.cc(151)] SuspendThread: Access is denied. (0x5)
[1019/115717.896:ERROR:process_reader_win.cc(123)] NtOpenThread: {Access Denied} A process has requested access to an object, but has not been granted those access rights. (0xc0000022)
[1019/115717.896:ERROR:exception_snapshot_win.cc(99)] thread ID 27032 not found in process
[1019/115717.897:ERROR:process_reader_win.cc(123)] NtOpenThread: {Access Denied} A process has requested access to an object, but has not been granted those access rights. (0xc0000022)
[1019/115717.897:ERROR:exception_snapshot_win.cc(99)] thread ID 27620 not found in process
[1019/115717.903:ERROR:process_reader_win.cc(123)] NtOpenThread: {Access Denied} A process has requested access to an object, but has not been granted those access rights. (0xc0000022)
[1019/115717.903:ERROR:exception_snapshot_win.cc(99)] thread ID 24816 not found in process
[1019/122047.653:ERROR:file_io_win.cc(180)] CreateFile C:\Users\DELL\AppData\Local\Temp\scoped_dir28976_1683916521\Crashpad\settings.dat: The process cannot access the file because it is being used by another process. (0x20)
